290
494
535
664
930
1068
1152
1171
1460
1740
1827
2474
2968
2976
3170
3394
3670
3783
3805
4187
4611
4760
5002
5051
5110
5199
5304
5610
5792
5875
6343
6386
6442
6616
6644
6895
7187
7453
7463
7718
8113
8133
8443
8514
8541
8570
8747
8982
9000
9234
9539
10187
10513
10698
10828
11188
11730
11766
11769
11893
11961
12186
12277
12428
12516
12539
12790
12967
13939
13992
14013
14029
14093
14308
14561
14752
14885
14938
14952
15361
16032
16308
16590
16659
16912
17233
17654
17661
18029
18293
18400
18576
18599
19231
19330
19491
19618
19648
19919
19979
