1
1
1
2
3
4
11
17
18
18
25
29
30
33
34
36
46
50
51
51
54
60
65
65
65
70
71
72
77
77
78
80
89
91
96
96
98
103
103
104
107
110
111
112
114
115
117
118
123
125
129
129
129
130
136
137
137
140
141
141
142
144
146
154
155
159
160
160
161
167
174
174
174
177
183
183
185
185
190
191
191
192
194
200
203
205
205
207
209
214
215
223
224
226
226
227
233
235
237
237
237
241
244
245
245
249
249
250
253
255
259
259
261
262
263
266
271
274
274
276
286
295
295
296
299
305
306
306
309
311
312
319
320
320
321
325
327
327
331
332
333
335
337
339
345
347
347
350
351
351
353
354
354
357
358
359
361
362
363
365
365
366
367
373
373
377
377
378
379
380
384
385
389
393
394
394
395
396
402
403
405
405
409
409
412
415
420
420
420
423
423
424
424
424
427
429
430
432
432
436
441
446
446
446
452
453
454
457
466
466
468
469
471
471
472
476
476
479
480
480
481
482
489
489
491
491
493
495
500
501
504
505
505
506
509
509
511
520
521
521
523
524
525
528
532
534
535
537
538
540
540
545
546
547
548
548
549
550
554
554
556
559
559
565
565
567
568
568
569
569
569
571
571
572
572
577
578
579
580
581
592
594
595
598
599
599
600
601
601
605
607
611
618
623
625
629
631
632
636
639
640
641
643
646
651
654
654
655
659
659
663
666
675
676
677
678
680
683
684
686
686
688
691
700
701
702
703
704
705
705
707
708
712
713
720
722
724
725
730
731
732
733
737
743
744
744
745
755
758
759
762
762
762
763
764
767
770
770
774
776
777
779
779
783
783
792
793
796
799
801
806
811
811
815
816
817
818
820
822
823
825
825
827
829
833
834
837
838
841
843
844
844
845
846
846
846
847
851
852
852
853
854
855
856
857
861
863
863
865
865
868
870
870
872
874
876
877
877
878
881
882
885
886
890
890
892
896
899
908
912
913
917
918
919
921
926
929
935
936
937
945
946
948
948
949
954
956
957
957
961
962
962
964
964
965
974
975
977
977
979
982
985
988
992
994
995
996
997
997
1002
1002
1003
1003
1004
1005
1006
1007
1008
1009
1009
1015
1016
1016
1020
1021
1022
1024
1024
1028
1031
1032
1033
1033
1035
1035
1036
1040
1042
1043
1044
1045
1047
1049
1052
1056
1056
1056
1059
1063
1066
1071
1072
1072
1080
1083
1085
1089
1091
1096
1096
1099
1101
1102
1108
1109
1110
1110
1110
1114
1114
1115
1117
1118
1119
1123
1127
1131
1136
1136
1139
1141
1141
1143
1144
1147
1148
1151
1151
1151
1152
1157
1158
1159
1161
1165
1167
1174
1175
1175
1177
1177
1178
1179
1180
1184
1185
1185
1188
1191
1193
1194
1196
1196
1198
1200
1200
1204
1205
1206
1206
1206
1212
1212
1214
1218
1219
1219
1222
1224
1225
1227
1228
1229
1231
1235
1241
1242
1242
1246
1247
1252
1254
1257
1260
1262
1266
1269
1277
1281
1281
1281
1283
1291
1294
1299
1299
1303
1304
1305
1305
1307
1308
1310
1313
1319
1323
1325
1333
1333
1337
1341
1342
1345
1345
1345
1349
1349
1350
1351
1354
1356
1356
1357
1357
1357
1358
1358
1359
1360
1360
1361
1361
1362
1362
1364
1366
1367
1367
1370
1370
1372
1379
1381
1382
1385
1393
1393
1394
1407
1410
1411
1412
1414
1414
1415
1416
1417
1421
1427
1428
1432
1435
1437
1438
1438
1439
1439
1445
1447
1449
1451
1462
1464
1464
1464
1467
1470
1471
1472
1473
1473
1473
1474
1475
1476
1477
1481
1485
1489
1495
1495
1497
1501
1502
1504
1505
1508
1515
1515
1517
1518
1520
1525
1526
1527
1528
1529
1531
1531
1532
1533
1537
1539
1540
1544
1544
1544
1546
1552
1553
1555
1555
1557
1560
1561
1563
1563
1565
1567
1569
1571
1575
1576
1577
1578
1581
1583
1583
1589
1590
1590
1594
1594
1596
1596
1596
1597
1599
1603
1605
1605
1608
1609
1610
1611
1612
1613
1618
1618
1618
1620
1623
1625
1627
1633
1641
1643
1645
1646
1647
1648
1653
1655
1655
1655
1656
1657
1662
1662
1663
1663
1663
1666
1666
1669
1670
1672
1673
1677
1679
1682
1684
1686
1686
1687
1688
1690
1700
1704
1708
1709
1710
1713
1718
1722
1723
1726
1729
1730
1734
1735
1738
1740
1747
1748
1749
1749
1752
1753
1754
1756
1756
1760
1767
1769
1771
1771
1781
1789
1792
1793
1794
1795
1800
1806
1812
1814
1818
1818
1819
1819
1825
1827
1828
1829
1837
1837
1840
1841
1846
1851
1854
1855
1857
1858
1860
1865
1866
1871
1873
1879
1883
1883
1883
1883
1884
1888
1888
1893
1896
1897
1897
1903
1905
1907
1910
1912
1912
1913
1913
1914
1918
1924
1925
1928
1928
1929
1930
1932
1934
1935
1935
1938
1938
1939
1947
1947
1947
1950
1951
1951
1955
1956
1956
1959
1959
1960
1961
1964
1968
1969
1971
1978
1982
1989
1993
2001
2002
2004
2005
2009
2009
2010
2014
2014
2015
2016
2017
2018
2026
2026
2027
2027
2034
2035
2036
2042
2042
2045
2046
2047
2048
2049
2050
2053
2057
2060
2062
2062
2064
2066
2067
2069
2073
2075
2076
2078
2078
2078
2079
2079
2080
2081
2081
2081
2084
2084
2087
2089
2094
2095
2096
2099
2102
2102
2104
2107
2108
2109
2111
2111
2113
2113
2113
2114
2115
2115
2115
2116
2118
2118
2119
2121
2122
2124
2124
2125
2131
2131
2131
2133
2136
2137
2139
2139
2140
2140
2142
2147
2147
2148
2149
2149
2152
2152
2153
2154
2154
2158
2159
2162
2164
2165
2165
2168
2169
2170
2177
2184
2186
2189
2190
2190
2191
2191
2192
2192
2195
2198
2199
2201
2203
2204
2204
2204
2208
2211
2212
2217
2218
2219
2220
2221
2221
2224
2224
2224
2230
2234
2234
2234
2235
2235
2238
2239
2242
2245
2248
2250
2254
2261
2263
2263
2264
2265
2267
2270
2271
2271
2272
2273
2275
2276
2278
2282
2285
2286
2289
2289
2295
2300
2300
2301
2301
2308
2314
2316
2318
2324
2325
2328
2329
2329
2333
2337
2340
2341
2342
2343
2344
2348
2350
2351
2355
2363
2364
2365
2365
2365
2367
2368
2369
2373
2374
2374
2375
2376
2377
2379
2380
2380
2382
2384
2385
2385
2386
2386
2387
2389
2389
2391
2392
2396
2397
2402
2409
2416
2418
2418
2421
2422
2422
2423
2427
2428
2433
2434
2435
2439
2439
2440
2441
2448
2449
2457
2458
2458
2462
2467
2469
2474
2477
2478
2479
2502
2504
2504
2507
2508
2511
2517
2519
2519
2531
2531
2534
2539
2539
2541
2544
2544
2547
2549
2551
2552
2554
2556
2560
2564
2570
2573
2575
2576
2576
2579
2583
2584
2585
2589
2589
2589
2590
2592
2593
2599
2600
2601
2603
2604
2608
2608
2611
2612
2614
2615
2617
2621
2621
2624
2626
2632
2633
2634
2636
2638
2639
2644
2645
2651
2653
2655
2656
2656
2657
2659
2661
2661
2666
2667
2668
2668
2670
2672
2672
2673
2676
2678
2681
2682
2688
2688
2688
2690
2690
2690
2690
2692
2694
2694
2696
2699
2699
2700
2700
2700
2701
2704
2704
2705
2706
2707
2707
2708
2710
2712
2714
2715
2716
2719
2721
2722
2725
2727
2727
2729
2730
2732
2734
2735
2743
2749
2752
2753
2756
2757
2758
2758
2758
2759
2762
2764
2766
2768
2768
2769
2776
2778
2779
2783
2788
2789
2789
2790
2793
2799
2801
2802
2802
2803
2804
2807
2808
2808
2809
2814
2817
2817
2821
2821
2821
2821
2825
2829
2831
2831
2833
2836
2837
2838
2839
2843
2844
2846
2846
2846
2848
2851
2853
2859
2859
2860
2869
2870
2872
2875
2877
2881
2883
2884
2890
2892
2892
2893
2894
2897
2900
2902
2904
2906
2907
2911
2915
2920
2922
2924
2924
2925
2929
2930
2933
2933
2937
2940
2941
2943
2945
2945
2946
2950
2951
2954
2955
2956
2958
2959
2960
2965
2966
2966
2966
2967
2968
2969
2972
2974
2977
2978
2979
2980
2980
2982
2985
2985
2987
2992
2992
3002
3003
3004
3004
3005
3005
3006
3006
3007
3011
3012
3012
3014
3017
3017
3018
3018
3020
3020
3025
3029
3031
3031
3031
3033
3034
3035
3035
3039
3041
3042
3042
3043
3044
3049
3050
3051
3051
3051
3052
3052
3056
3057
3062
3066
3068
3074
3075
3079
3079
3082
3082
3083
3087
3088
3090
3092
3094
3098
3100
3103
3104
3106
3107
3112
3113
3118
3120
3123
3125
3126
3129
3130
3131
3137
3138
3143
3144
3144
3145
3146
3146
3146
3147
3148
3150
3150
3151
3152
3153
3157
3163
3163
3164
3165
3165
3169
3170
3178
3181
3184
3185
3189
3189
3195
3195
3208
3208
3210
3210
3211
3214
3215
3216
3216
3218
3219
3219
3219
3221
3224
3225
3228
3228
3229
3233
3236
3239
3239
3247
3254
3259
3259
3260
3260
3261
3265
3267
3268
3270
3270
3271
3271
3272
3272
3278
3286
3287
3290
3293
3293
3294
3296
3297
3298
3300
3301
3305
3306
3314
3319
3319
3319
3319
3319
3324
3324
3332
3333
3334
3335
3338
3338
3339
3341
3344
3348
3348
3350
3352
3353
3355
3358
3359
3361
3364
3366
3368
3368
3371
3373
3376
3377
3383
3386
3387
3387
3388
3388
3388
3388
3389
3390
3397
3398
3399
3400
3400
3413
3415
3415
3417
3417
3418
3420
3421
3422
3423
3424
3427
3430
3430
3434
3435
3435
3436
3436
3438
3441
3442
3443
3448
3453
3459
3463
3464
3468
3469
3469
3470
3470
3471
3472
3472
3477
3478
3481
3482
3482
3487
3487
3487
3488
3494
3498
3499
3508
3516
3516
3518
3519
3519
3521
3522
3526
3527
3531
3532
3533
3533
3534
3537
3539
3541
3542
3544
3545
3545
3545
3550
3551
3553
3554
3554
3558
3558
3559
3560
3563
3564
3565
3568
3573
3573
3577
3578
3578
3580
3581
3582
3582
3583
3584
3587
3594
3597
3598
3598
3602
3603
3605
3606
3606
3607
3609
3610
3612
3615
3616
3616
3618
3618
3620
3621
3622
3622
3623
3624
3628
3629
3630
3631
3632
3636
3641
3641
3642
3642
3642
3643
3647
3647
3647
3648
3648
3648
3649
3652
3652
3653
3658
3660
3661
3661
3661
3662
3663
3668
3671
3674
3678
3679
3679
3682
3683
3684
3684
3686
3691
3692
3692
3693
3693
3695
3696
3697
3698
3699
3701
3703
3707
3711
3715
3716
3717
3719
3722
3724
3727
3730
3735
3740
3741
3742
3745
3746
3747
3748
3749
3750
3752
3752
3758
3758
3759
3761
3761
3761
3762
3764
3764
3765
3765
3769
3769
3770
3772
3774
3776
3778
3780
3783
3787
3791
3792
3794
3796
3797
3799
3800
3802
3804
3810
3810
3812
3817
3817
3822
3824
3824
3828
3829
3831
3834
3836
3837
3839
3840
3850
3851
3852
3854
3854
3856
3857
3861
3865
3867
3871
3873
3875
3876
3878
3878
3883
3887
3888
3889
3893
3894
3894
3896
3898
3898
3900
3901
3903
3905
3905
3910
3910
3910
3911
3911
3912
3913
3919
3920
3926
3927
3929
3930
3931
3934
3934
3934
3936
3943
3943
3944
3953
3957
3957
3961
3962
3963
3963
3964
3965
3966
3972
3974
3974
3976
3979
3980
3982
3987
3989
3989
3989
3990
3990
3990
3991
3992
3993
4000
4001
4002
4003
4009
4011
4026
4027
4030
4034
4035
4036
4041
4043
4045
4051
4057
4068
4072
4072
4072
4073
4080
4084
4085
4086
4088
4088
4089
4090
4090
4091
4092
4094
4094
4096
4096
4098
4099
4102
4105
4106
4108
4110
4112
4114
4117
4117
4120
4120
4122
4124
4126
4128
4129
4129
4130
4133
4133
4134
4138
4139
4139
4141
4144
4155
4155
4155
4158
4159
4160
4160
4163
4164
4168
4169
4171
4172
4172
4173
4174
4177
4179
4181
4184
4187
4187
4188
4189
4190
4191
4194
4194
4199
4202
4206
4209
4218
4218
4220
4223
4230
4232
4234
4235
4235
4237
4239
4240
4243
4243
4247
4248
4248
4249
4249
4251
4252
4254
4254
4255
4257
4260
4263
4263
4267
4271
4271
4273
4275
4276
4277
4277
4285
4285
4286
4287
4292
4301
4301
4303
4304
4312
4312
4319
4324
4326
4327
4328
4332
4334
4335
4336
4338
4339
4339
4340
4341
4341
4346
4346
4348
4349
4349
4349
4351
4353
4357
4358
4358
4362
4371
4371
4372
4374
4374
4384
4385
4386
4387
4392
4392
4394
4395
4398
4398
4399
4401
4403
4404
4405
4409
4411
4412
4414
4415
4418
4421
4423
4425
4435
4435
4435
4436
4436
4436
4438
4438
4438
4439
4441
4441
4443
4444
4445
4445
4446
4448
4449
4449
4450
4456
4456
4457
4458
4458
4459
4460
4461
4461
4463
4465
4467
4469
4469
4471
4474
4476
4477
4478
4482
4484
4484
4487
4487
4487
4488
4492
4495
4496
4497
4499
4500
4502
4506
4512
4519
4519
4522
4523
4526
4529
4530
4531
4537
4541
4543
4544
4547
4548
4548
4551
4552
4553
4553
4560
4560
4563
4567
4567
4575
4576
4576
4578
4578
4582
4586
4588
4588
4591
4592
4593
4598
4599
4606
4608
4610
4611
4613
4613
4614
4616
4619
4619
4621
4622
4622
4624
4625
4632
4632
4634
4634
4635
4639
4646
4652
4653
4654
4655
4656
4657
4660
4660
4663
4664
4665
4670
4671
4671
4671
4677
4677
4679
4679
4679
4681
4683
4684
4688
4690
4691
4693
4695
4695
4699
4699
4699
4702
4702
4703
4704
4706
4707
4708
4709
4711
4711
4713
4716
4717
4719
4722
4722
4723
4731
4731
4733
4734
4734
4734
4743
4753
4754
4755
4757
4757
4760
4765
4768
4772
4773
4777
4777
4782
4782
4783
4787
4790
4792
4794
4798
4798
4799
4800
4803
4804
4807
4809
4809
4810
4812
4816
4819
4827
4828
4828
4832
4833
4833
4834
4842
4844
4846
4847
4848
4849
4852
4853
4856
4856
4857
4862
4863
4866
4872
4877
4878
4880
4881
4882
4884
4884
4887
4887
4888
4889
4891
4896
4899
4901
4903
4904
4906
4906
4906
4906
4907
4909
4910
4910
4912
4913
4918
4921
4922
4922
4923
4930
4932
4936
4938
4941
4941
4942
4943
4944
4948
4950
4950
4951
4953
4957
4958
4960
4967
4967
4968
4971
4972
4974
4977
4977
4977
4977
4978
4982
4982
4985
4995
5003
5004
5005
5006
5006
5007
5011
5013
5013
5016
5017
5019
5024
5027
5036
5038
5039
5041
5042
5043
5044
5046
5046
5050
5051
5051
5052
5054
5057
5059
5060
5061
5064
5076
5080
5083
5084
5085
5086
5092
5093
5094
5098
5098
5100
5101
5102
5103
5106
5107
5108
5108
5109
5114
5117
5119
5121
5121
5124
5125
5128
5129
5135
5138
5138
5141
5142
5143
5144
5144
5147
5148
5149
5150
5152
5153
5157
5159
5162
5162
5162
5166
5173
5174
5178
5190
5191
5193
5193
5194
5195
5196
5198
5198
5200
5202
5204
5205
5205
5205
5207
5211
5212
5212
5212
5215
5218
5218
5222
5223
5230
5235
5236
5237
5237
5239
5248
5251
5252
5257
5257
5258
5258
5260
5266
5267
5268
5269
5273
5275
5275
5275
5276
5283
5284
5284
5285
5289
5290
5290
5291
5291
5292
5293
5294
5295
5301
5301
5302
5305
5306
5307
5308
5313
5317
5317
5319
5322
5322
5324
5328
5329
5330
5331
5333
5337
5338
5340
5343
5344
5347
5351
5353
5357
5358
5358
5361
5365
5368
5370
5370
5370
5370
5371
5372
5375
5375
5376
5378
5379
5380
5380
5384
5384
5384
5386
5388
5389
5389
5393
5396
5396
5397
5397
5401
5404
5404
5405
5406
5409
5414
5416
5419
5419
5422
5429
5432
5435
5436
5440
5440
5443
5445
5449
5450
5456
5458
5459
5460
5464
5467
5468
5469
5470
5470
5470
5470
5470
5471
5472
5475
5481
5481
5484
5484
5489
5491
5492
5493
5499
5503
5506
5507
5512
5512
5515
5532
5532
5533
5533
5535
5539
5540
5544
5550
5551
5553
5557
5558
5560
5563
5566
5566
5569
5569
5569
5569
5571
5575
5577
5579
5579
5583
5584
5584
5586
5588
5591
5593
5594
5595
5596
5598
5598
5598
5602
5603
5604
5605
5606
5608
5608
5610
5611
5611
5611
5613
5618
5619
5620
5621
5621
5624
5628
5632
5632
5636
5637
5643
5645
5646
5649
5650
5650
5651
5652
5652
5656
5656
5659
5663
5665
5666
5667
5669
5669
5669
5670
5672
5672
5672
5673
5675
5676
5681
5681
5682
5683
5683
5688
5688
5689
5689
5690
5693
5694
5696
5698
5703
5703
5705
5705
5711
5711
5712
5713
5714
5714
5720
5722
5728
5730
5734
5736
5740
5743
5745
5746
5750
5751
5751
5753
5754
5756
5759
5759
5759
5761
5767
5769
5773
5777
5779
5780
5784
5788
5805
5806
5809
5811
5812
5813
5819
5821
5822
5828
5832
5837
5841
5842
5843
5844
5849
5850
5855
5858
5858
5861
5861
5863
5863
5866
5869
5870
5872
5873
5874
5877
5880
5880
5883
5883
5888
5889
5893
5895
5899
5902
5907
5909
5909
5909
5910
5913
5913
5914
5916
5917
5919
5922
5929
5929
5931
5932
5933
5934
5938
5940
5941
5944
5944
5946
5947
5948
5948
5949
5950
5950
5953
5953
5953
5956
5961
5963
5964
5970
5971
5972
5974
5979
5982
5984
5986
5986
5987
5995
5995
5998
6000
6000
6003
6004
6006
6006
6008
6013
6013
6019
6020
6027
6030
6032
6032
6032
6034
6035
6035
6041
6041
6043
6046
6055
6056
6060
6060
6062
6063
6064
6064
6064
6064
6066
6068
6069
6070
6070
6072
6075
6076
6077
6078
6078
6083
6083
6086
6088
6092
6093
6094
6094
6096
6096
6097
6097
6099
6099
6100
6100
6103
6104
6105
6105
6106
6106
6107
6109
6111
6112
6114
6114
6115
6116
6119
6120
6122
6123
6123
6124
6126
6129
6129
6130
6130
6132
6135
6137
6139
6140
6142
6143
6148
6148
6152
6156
6158
6158
6160
6161
6164
6167
6167
6170
6173
6173
6175
6175
6176
6178
6179
6181
6181
6197
6197
6197
6202
6203
6210
6211
6212
6212
6214
6226
6229
6234
6234
6238
6238
6241
6243
6244
6247
6250
6250
6253
6255
6256
6256
6256
6257
6258
6259
6260
6263
6265
6266
6267
6268
6270
6270
6271
6276
6276
6278
6281
6285
6286
6287
6288
6289
6289
6293
6294
6296
6296
6297
6298
6298
6298
6302
6304
6307
6309
6311
6314
6317
6317
6318
6320
6322
6325
6326
6328
6328
6330
6333
6335
6336
6336
6337
6338
6341
6344
6344
6345
6346
6347
6351
6352
6353
6355
6360
6361
6361
6361
6363
6365
6370
6370
6371
6377
6378
6382
6383
6384
6388
6391
6392
6393
6394
6399
6405
6409
6410
6414
6415
6420
6420
6420
6421
6425
6425
6426
6427
6429
6431
6431
6438
6439
6440
6445
6446
6447
6447
6453
6458
6463
6466
6468
6468
6469
6470
6473
6473
6474
6476
6489
6490
6492
6494
6503
6504
6507
6509
6509
6509
6510
6512
6514
6520
6521
6524
6526
6526
6528
6528
6535
6538
6539
6540
6543
6544
6545
6548
6548
6549
6549
6551
6555
6557
6558
6561
6561
6561
6562
6563
6564
6564
6566
6567
6569
6570
6570
6571
6572
6573
6575
6575
6576
6581
6584
6586
6587
6588
6589
6591
6595
6598
6598
6599
6601
6603
6605
6612
6613
6614
6614
6614
6618
6620
6621
6628
6629
6632
6636
6638
6639
6649
6650
6652
6656
6657
6659
6659
6660
6660
6660
6669
6671
6674
6678
6679
6679
6681
6684
6687
6690
6692
6695
6705
6710
6713
6716
6720
6723
6723
6725
6730
6730
6732
6743
6744
6745
6747
6748
6750
6754
6755
6758
6758
6759
6759
6760
6762
6763
6765
6768
6770
6770
6771
6774
6775
6780
6782
6783
6784
6788
6796
6798
6799
6800
6812
6814
6817
6818
6818
6819
6825
6826
6832
6832
6833
6834
6834
6837
6838
6840
6841
6842
6844
6846
6847
6850
6853
6854
6856
6856
6857
6857
6858
6858
6860
6861
6862
6863
6866
6867
6870
6870
6870
6871
6871
6873
6874
6874
6874
6875
6876
6878
6883
6884
6892
6896
6897
6903
6903
6908
6915
6916
6924
6925
6926
6927
6928
6932
6933
6933
6934
6935
6935
6935
6936
6936
6937
6942
6944
6945
6945
6951
6952
6953
6956
6957
6961
6962
6963
6965
6967
6967
6970
6970
6971
6972
6972
6972
6973
6974
6975
6976
6976
6977
6978
6980
6981
6982
6982
6984
6984
6985
6986
6988
6996
7002
7002
7003
7004
7004
7007
7010
7017
7019
7022
7022
7023
7026
7027
7028
7029
7031
7031
7033
7037
7038
7039
7039
7042
7045
7046
7048
7055
7056
7056
7056
7059
7065
7065
7070
7072
7072
7072
7073
7079
7080
7081
7088
7092
7094
7097
7098
7102
7102
7104
7108
7114
7115
7116
7120
7125
7126
7126
7127
7130
7132
7133
7133
7134
7135
7137
7146
7146
7148
7151
7156
7156
7156
7157
7159
7159
7162
7166
7169
7172
7174
7175
7177
7177
7178
7180
7180
7181
7182
7183
7187
7188
7191
7192
7193
7194
7194
7196
7196
7199
7203
7205
7205
7206
7207
7210
7210
7211
7213
7214
7217
7220
7220
7221
7224
7224
7224
7229
7229
7229
7230
7231
7234
7234
7235
7240
7245
7247
7250
7250
7250
7251
7253
7254
7258
7259
7259
7262
7263
7264
7265
7266
7267
7268
7271
7273
7274
7274
7278
7282
7282
7284
7289
7289
7289
7292
7293
7295
7296
7298
7299
7299
7303
7305
7306
7307
7308
7314
7314
7315
7315
7315
7316
7319
7319
7320
7321
7322
7323
7328
7329
7336
7338
7339
7340
7342
7342
7344
7344
7345
7352
7354
7355
7355
7355
7356
7358
7358
7363
7363
7364
7364
7372
7375
7379
7385
7388
7391
7392
7393
7395
7396
7396
7399
7405
7405
7406
7407
7410
7410
7412
7413
7417
7418
7419
7420
7423
7426
7428
7433
7435
7437
7438
7441
7442
7448
7452
7452
7452
7453
7456
7456
7457
7459
7461
7461
7461
7468
7469
7470
7471
7474
7475
7480
7483
7483
7487
7488
7489
7490
7491
7493
7493
7497
7505
7507
7507
7508
7508
7511
7512
7515
7516
7518
7522
7524
7525
7530
7531
7533
7537
7537
7538
7545
7545
7552
7553
7555
7558
7559
7562
7564
7567
7568
7568
7570
7573
7576
7576
7579
7580
7580
7581
7581
7581
7584
7589
7591
7593
7594
7598
7602
7603
7605
7605
7606
7606
7610
7612
7617
7619
7622
7624
7625
7627
7631
7631
7634
7638
7641
7649
7650
7651
7656
7656
7658
7659
7664
7666
7668
7670
7672
7674
7675
7676
7676
7678
7680
7682
7685
7690
7696
7702
7703
7706
7709
7709
7709
7712
7719
7721
7722
7724
7725
7729
7733
7736
7738
7739
7743
7743
7745
7750
7759
7760
7760
7761
7764
7765
7775
7775
7776
7777
7779
7781
7783
7784
7785
7788
7788
7794
7795
7796
7796
7799
7800
7801
7805
7806
7810
7810
7812
7812
7815
7816
7820
7824
7826
7827
7829
7830
7830
7833
7834
7834
7834
7843
7849
7849
7849
7849
7853
7855
7856
7859
7860
7862
7866
7870
7871
7873
7877
7877
7877
7878
7878
7878
7879
7890
7891
7891
7892
7893
7894
7896
7897
7905
7906
7908
7908
7909
7910
7912
7912
7912
7913
7916
7918
7921
7921
7921
7922
7922
7925
7933
7934
7934
7936
7938
7939
7941
7942
7947
7948
7954
7955
7960
7960
7960
7964
7966
7972
7974
7980
7985
7985
7986
7991
7992
7995
7995
7997
7998
7998
7999
7999
8000
8001
8003
8004
8006
8008
8010
8010
8014
8015
8018
8018
8019
8020
8020
8021
8021
8025
8026
8027
8028
8032
8033
8042
8043
8045
8046
8046
8054
8055
8057
8060
8062
8064
8064
8069
8069
8069
8070
8070
8070
8073
8074
8079
8079
8082
8082
8083
8088
8090
8091
8092
8095
8102
8103
8106
8109
8109
8112
8113
8116
8117
8117
8118
8124
8125
8131
8132
8134
8134
8136
8137
8138
8139
8142
8145
8148
8148
8149
8153
8156
8156
8157
8162
8164
8166
8168
8168
8173
8174
8174
8175
8175
8176
8181
8182
8186
8187
8190
8194
8196
8196
8198
8200
8200
8200
8201
8204
8204
8206
8207
8213
8213
8213
8217
8219
8220
8224
8225
8227
8228
8231
8231
8236
8239
8240
8240
8241
8244
8250
8250
8251
8252
8257
8261
8264
8264
8265
8269
8270
8273
8277
8279
8280
8281
8286
8289
8290
8291
8292
8292
8295
8295
8296
8298
8300
8303
8310
8312
8318
8318
8320
8320
8321
8323
8323
8323
8326
8327
8328
8329
8331
8333
8333
8335
8336
8336
8338
8339
8342
8344
8347
8351
8352
8352
8354
8356
8358
8359
8359
8359
8360
8361
8362
8367
8369
8370
8374
8380
8383
8385
8387
8389
8389
8389
8390
8393
8398
8405
8406
8411
8411
8417
8417
8418
8419
8428
8430
8431
8434
8434
8435
8435
8435
8436
8437
8438
8438
8442
8445
8449
8449
8452
8452
8453
8458
8459
8468
8472
8473
8475
8475
8478
8485
8486
8487
8488
8491
8492
8493
8495
8497
8498
8498
8500
8501
8501
8501
8504
8505
8510
8510
8510
8512
8515
8515
8518
8522
8523
8524
8530
8535
8537
8541
8541
8543
8543
8546
8551
8556
8560
8563
8565
8573
8573
8575
8576
8579
8580
8580
8584
8587
8589
8589
8593
8594
8594
8595
8601
8602
8604
8604
8604
8607
8609
8612
8615
8617
8619
8621
8621
8624
8624
8626
8626
8633
8638
8638
8639
8639
8643
8646
8652
8654
8655
8655
8658
8660
8660
8662
8663
8665
8666
8666
8668
8668
8669
8669
8675
8677
8677
8681
8681
8687
8688
8688
8688
8688
8694
8696
8701
8702
8702
8706
8708
8708
8708
8709
8710
8712
8714
8715
8715
8718
8719
8720
8722
8728
8731
8732
8732
8735
8742
8742
8744
8744
8748
8749
8752
8753
8754
8755
8763
8765
8766
8767
8770
8770
8772
8772
8773
8773
8775
8779
8782
8784
8789
8790
8792
8794
8794
8797
8797
8799
8802
8804
8808
8810
8812
8814
8814
8815
8818
8821
8823
8835
8838
8839
8842
8845
8847
8850
8850
8851
8860
8862
8864
8869
8882
8884
8885
8886
8888
8891
8895
8899
8902
8902
8904
8905
8906
8907
8908
8908
8910
8911
8912
8914
8914
8916
8917
8918
8918
8919
8924
8925
8929
8930
8932
8934
8935
8935
8935
8937
8938
8938
8939
8943
8944
8946
8946
8947
8949
8949
8950
8951
8952
8957
8961
8962
8962
8963
8964
8971
8972
8973
8974
8975
8978
8980
8982
8983
8985
8985
8992
8993
8994
8995
8996
8999
9003
9006
9009
9013
9014
9018
9021
9022
9025
9027
9029
9030
9037
9038
9039
9040
9042
9046
9046
9047
9049
9050
9051
9053
9056
9057
9058
9060
9061
9061
9063
9064
9065
9066
9067
9069
9070
9072
9072
9077
9079
9081
9082
9083
9084
9085
9086
9087
9088
9088
9090
9091
9093
9093
9100
9101
9101
9103
9109
9109
9111
9115
9118
9121
9127
9128
9128
9128
9132
9134
9136
9137
9140
9141
9144
9146
9147
9153
9154
9154
9156
9161
9163
9164
9167
9168
9169
9173
9176
9176
9177
9177
9185
9187
9187
9189
9191
9192
9193
9195
9197
9201
9202
9203
9205
9206
9210
9213
9218
9221
9224
9224
9228
9232
9232
9239
9245
9246
9246
9247
9250
9252
9256
9262
9263
9263
9267
9268
9269
9270
9270
9272
9276
9276
9277
9278
9284
9287
9292
9293
9296
9297
9299
9301
9302
9303
9305
9305
9306
9306
9307
9308
9312
9314
9314
9318
9321
9322
9322
9323
9326
9329
9330
9336
9336
9338
9340
9341
9347
9350
9350
9350
9354
9356
9356
9359
9360
9363
9369
9371
9371
9371
9376
9377
9377
9378
9379
9380
9380
9380
9381
9383
9384
9389
9395
9395
9396
9399
9399
9401
9408
9410
9410
9413
9418
9421
9424
9426
9426
9428
9430
9432
9433
9434
9434
9439
9444
9447
9448
9451
9452
9453
9453
9454
9454
9457
9459
9465
9466
9466
9468
9468
9469
9471
9472
9473
9474
9480
9482
9485
9487
9489
9489
9491
9492
9492
9493
9493
9494
9495
9495
9496
9498
9501
9501
9509
9509
9512
9513
9516
9518
9521
9526
9527
9530
9531
9534
9535
9540
9542
9542
9542
9543
9544
9546
9547
9547
9552
9554
9557
9561
9562
9565
9566
9567
9574
9575
9575
9577
9580
9581
9581
9582
9583
9583
9583
9586
9587
9589
9592
9594
9603
9606
9610
9611
9614
9614
9617
9617
9617
9624
9625
9627
9629
9630
9632
9636
9636
9638
9642
9643
9643
9644
9646
9646
9647
9648
9651
9656
9656
9658
9661
9666
9667
9669
9669
9673
9674
9676
9677
9679
9683
9685
9687
9687
9689
9689
9690
9690
9693
9694
9696
9697
9700
9701
9701
9702
9706
9710
9712
9715
9717
9717
9722
9723
9723
9724
9725
9726
9728
9731
9733
9734
9735
9737
9737
9738
9739
9740
9743
9746
9746
9746
9750
9751
9753
9757
9758
9758
9764
9766
9767
9769
9772
9772
9773
9773
9774
9776
9777
9779
9779
9781
9783
9783
9784
9784
9786
9787
9789
9791
9796
9801
9806
9809
9812
9812
9814
9816
9818
9823
9826
9829
9831
9834
9834
9839
9841
9842
9843
9843
9846
9852
9852
9855
9857
9857
9860
9861
9864
9865
9865
9865
9869
9874
9875
9877
9878
9879
9879
9881
9881
9883
9890
9890
9891
9891
9891
9897
9898
9900
9902
9905
9905
9906
9908
9909
9910
9910
9912
9913
9914
9914
9914
9918
9921
9921
9922
9924
9925
9925
9926
9929
9936
9936
9940
9940
9940
9943
9945
9945
9947
9947
9953
9953
9954
9956
9960
9961
9962
9967
9969
9969
9969
9970
9971
9971
9971
9972
9973
9979
9983
9987
9988
9991
9995
9995
9996
9998
10003
10008
10008
10009
10010
10011
10013
10013
10016
10018
10021
10023
10024
10025
10025
10026
10034
10034
10038
10040
10043
10044
10044
10049
10050
10055
10060
10064
10064
10066
10068
10070
10071
10074
10078
10079
10081
10084
10084
10086
10086
10087
10087
10087
10088
10090
10091
10094
10094
10097
10099
10100
10100
10100
10101
10103
10104
10108
10108
10108
10109
10109
10117
10121
10122
10125
10126
10128
10128
10129
10130
10130
10134
10136
10136
10136
10137
10140
10142
10143
10145
10146
10146
10148
10154
10156
10158
10165
10165
10170
10171
10171
10171
10172
10173
10174
10175
10177
10178
10180
10183
10188
10190
10191
10192
10192
10196
10199
10200
10203
10208
10210
10210
10210
10212
10213
10213
10215
10217
10219
10220
10220
10220
10224
10225
10225
10230
10232
10234
10235
10239
10242
10242
10245
10246
10252
10255
10257
10257
10257
10261
10269
10271
10274
10276
10277
10277
10277
10279
10280
10280
10285
10287
10291
10291
10292
10296
10299
10300
10301
10308
10309
10314
10314
10315
10317
10318
10318
10322
10327
10327
10328
10331
10332
10332
10336
10338
10339
10340
10340
10348
10349
10351
10352
10353
10353
10355
10362
10362
10362
10366
10367
10368
10369
10371
10374
10376
10377
10378
10381
10383
10384
10385
10386
10386
10387
10390
10390
10396
10399
10402
10402
10405
10408
10411
10411
10414
10414
10415
10416
10417
10418
10419
10421
10423
10423
10424
10425
10427
10428
10429
10430
10430
10431
10432
10436
10436
10437
10437
10439
10443
10443
10443
10448
10452
10453
10454
10457
10462
10463
10463
10465
10466
10467
10470
10470
10472
10472
10474
10475
10476
10477
10477
10478
10480
10484
10484
10485
10486
10488
10494
10494
10495
10496
10497
10497
10499
10503
10509
10511
10512
10512
10514
10516
10516
10517
10518
10521
10522
10522
10524
10525
10526
10526
10528
10530
10530
10533
10534
10534
10539
10539
10542
10543
10546
10553
10554
10555
10558
10560
10562
10563
10566
10568
10569
10574
10575
10583
10585
10586
10588
10591
10591
10592
10593
10595
10598
10599
10601
10603
10607
10609
10609
10615
10615
10617
10618
10623
10624
10624
10624
10628
10629
10630
10630
10633
10635
10635
10636
10640
10640
10640
10647
10647
10647
10647
10648
10649
10652
10653
10653
10655
10657
10658
10660
10660
10660
10661
10665
10666
10666
10666
10671
10673
10675
10676
10679
10679
10683
10684
10684
10685
10687
10692
10695
10695
10696
10697
10697
10697
10699
10699
10703
10706
10706
10707
10711
10715
10718
10719
10719
10719
10729
10730
10732
10733
10733
10735
10736
10736
10740
10741
10750
10751
10753
10753
10756
10759
10759
10760
10762
10763
10763
10765
10766
10766
10767
10768
10770
10773
10773
10773
10774
10774
10775
10777
10777
10779
10779
10780
10782
10783
10785
10786
10786
10786
10787
10788
10790
10790
10790
10791
10792
10799
10801
10801
10805
10805
10806
10806
10810
10812
10815
10816
10817
10821
10823
10825
10828
10833
10835
10841
10842
10843
10851
10853
10855
10855
10860
10861
10865
10865
10868
10870
10872
10872
10874
10876
10879
10879
10881
10882
10882
10882
10882
10883
10886
10886
10888
10889
10889
10891
10891
10891
10896
10897
10900
10901
10901
10902
10903
10905
10905
10910
10912
10921
10921
10922
10924
10926
10928
10928
10930
10933
10935
10938
10938
10938
10940
10941
10941
10946
10947
10948
10950
10951
10951
10958
10959
10959
10962
10966
10968
10969
10972
10975
10977
10978
10979
10980
10981
10989
10990
10993
10994
10995
10997
11000
11002
11003
11003
11008
11008
11010
11017
11022
11025
11026
11034
11035
11037
11039
11041
11043
11046
11050
11052
11059
11059
11061
11062
11063
11063
11066
11066
11068
11068
11072
11074
11076
11078
11079
11081
11083
11088
11091
11093
11095
11098
11098
11101
11102
11102
11103
11103
11104
11105
11106
11109
11120
11120
11121
11123
11123
11124
11125
11127
11128
11130
11131
11133
11134
11135
11135
11138
11141
11142
11143
11144
11145
11148
11148
11150
11155
11156
11156
11159
11159
11160
11160
11164
11165
11169
11171
11176
11180
11180
11183
11186
11187
11187
11190
11191
11192
11197
11201
11202
11204
11205
11207
11210
11213
11214
11220
11221
11224
11226
11228
11235
11239
11240
11245
11246
11248
11248
11248
11249
11253
11264
11264
11266
11266
11267
11268
11268
11274
11277
11278
11280
11281
11281
11281
11282
11285
11287
11287
11288
11289
11294
11297
11297
11300
11301
11301
11304
11305
11308
11309
11311
11313
11314
11322
11325
11326
11327
11328
11329
11329
11333
11334
11339
11340
11341
11341
11344
11344
11348
11352
11352
11352
11355
11357
11357
11357
11357
11361
11365
11371
11371
11373
11374
11374
11375
11375
11376
11376
11377
11381
11383
11384
11385
11385
11387
11391
11392
11393
11394
11397
11401
11404
11405
11406
11406
11411
11411
11412
11414
11415
11417
11418
11420
11422
11423
11424
11425
11426
11432
11432
11434
11435
11437
11439
11440
11443
11443
11443
11443
11445
11447
11448
11453
11457
11459
11461
11461
11462
11463
11467
11467
11467
11468
11469
11470
11471
11471
11472
11485
11485
11486
11493
11498
11500
11503
11506
11507
11508
11509
11511
11513
11516
11520
11524
11544
11554
11557
11559
11559
11560
11562
11564
11566
11569
11572
11576
11577
11578
11578
11579
11580
11581
11583
11584
11584
11584
11588
11588
11590
11591
11592
11599
11600
11601
11601
11602
11610
11610
11612
11613
11614
11615
11616
11617
11621
11625
11630
11640
11640
11640
11641
11645
11650
11652
11653
11659
11664
11667
11667
11670
11672
11672
11677
11677
11680
11685
11686
11686
11687
11689
11693
11698
11701
11702
11702
11707
11707
11710
11714
11717
11718
11723
11725
11726
11731
11733
11739
11741
11742
11743
11748
11748
11748
11750
11752
11753
11756
11756
11760
11761
11763
11765
11765
11765
11771
11776
11778
11780
11780
11780
11782
11787
11788
11790
11796
11799
11805
11807
11810
11812
11816
11818
11818
11819
11820
11821
11823
11824
11826
11826
11829
11834
11838
11838
11841
11843
11849
11849
11855
11857
11857
11863
11863
11864
11866
11872
11874
11874
11875
11875
11876
11878
11879
11882
11882
11884
11885
11887
11890
11891
11893
11894
11900
11905
11910
11910
11914
11915
11917
11917
11919
11922
11925
11925
11925
11925
11926
11927
11931
11934
11935
11938
11941
11942
11943
11944
11946
11946
11947
11947
11948
11949
11955
11956
11963
11964
11964
11965
11968
11968
11969
11970
11970
11976
11976
11977
11982
11986
11989
11994
11994
11996
11997
11997
11998
11998
11999
11999
11999
12000
12005
12005
12008
12011
12011
12013
12014
12016
12018
12018
12020
12020
12021
12026
12031
12031
12037
12037
12039
12039
12042
12044
12047
12054
12054
12055
12057
12060
12061
12065
12066
12068
12075
12076
12077
12078
12082
12085
12087
12088
12095
12096
12101
12102
12105
12114
12114
12115
12116
12118
12124
12125
12125
12126
12129
12131
12131
12137
12139
12142
12142
12145
12145
12149
12150
12153
12153
12153
12153
12154
12155
12155
12155
12157
12157
12157
12158
12158
12159
12160
12160
12162
12162
12165
12167
12168
12168
12174
12175
12175
12176
12177
12178
12184
12185
12188
12188
12193
12194
12200
12200
12200
12201
12201
12204
12204
12206
12207
12207
12213
12216
12222
12224
12226
12229
12230
12231
12233
12234
12236
12238
12240
12243
12243
12244
12246
12247
12255
12261
12262
12263
12265
12267
12268
12269
12270
12272
12273
12275
12275
12279
12279
12280
12282
12284
12287
12289
12291
12292
12295
12297
12303
12308
12308
12310
12318
12320
12320
12321
12322
12322
12323
12331
12333
12334
12336
12336
12336
12337
12341
12342
12344
12346
12349
12351
12351
12352
12352
12354
12355
12357
12360
12371
12376
12377
12377
12379
12379
12381
12383
12385
12391
12392
12407
12408
12408
12408
12409
12409
12412
12413
12413
12414
12414
12416
12418
12418
12418
12420
12424
12425
12432
12435
12436
12438
12447
12453
12453
12454
12457
12457
12459
12459
12463
12465
12467
12467
12467
12468
12472
12473
12475
12477
12478
12480
12482
12483
12484
12486
12490
12493
12496
12500
12503
12504
12504
12505
12510
12510
12510
12511
12513
12514
12515
12517
12517
12519
12521
12521
12524
12525
12526
12528
12528
12529
12529
12530
12537
12541
12541
12542
12547
12548
12549
12549
12553
12556
12561
12564
12566
12568
12571
12572
12577
12581
12582
12589
12592
12594
12595
12596
12596
12599
12600
12602
12603
12605
12606
12606
12607
12609
12609
12612
12613
12618
12619
12626
12630
12630
12632
12632
12641
12643
12644
12644
12646
12647
12648
12649
12649
12651
12655
12657
12657
12661
12664
12673
12675
12675
12679
12680
12683
12683
12686
12687
12691
12695
12696
12698
12699
12701
12705
12709
12712
12712
12712
12714
12714
12715
12718
12721
12722
12724
12727
12731
12732
12733
12734
12734
12735
12735
12737
12737
12737
12738
12744
12745
12746
12746
12748
12752
12753
12754
12756
12762
12762
12763
12763
12764
12767
12767
12767
12767
12778
12781
12785
12786
12789
12791
12793
12794
12795
12799
12801
12803
12806
12807
12808
12810
12813
12817
12818
12819
12820
12821
12822
12824
12825
12825
12826
12826
12827
12835
12836
12837
12839
12840
12841
12842
12845
12848
12851
12853
12854
12854
12855
12856
12857
12858
12860
12869
12873
12873
12874
12878
12880
12880
12882
12884
12884
12887
12888
12889
12895
12897
12902
12902
12903
12903
12903
12904
12904
12905
12907
12907
12909
12910
12911
12912
12912
12913
12915
12916
12917
12921
12921
12924
12925
12926
12928
12928
12929
12934
12938
12944
12950
12951
12952
12953
12954
12954
12954
12955
12962
12963
12964
12972
12974
12975
12975
12976
12981
12981
12983
12984
12987
12992
12994
12994
12995
12997
13000
13007
13007
13008
13010
13010
13013
13013
13014
13021
13024
13026
13028
13028
13034
13037
13037
13037
13038
13042
13044
13045
13048
13051
13052
13052
13055
13058
13060
13062
13063
13067
13067
13068
13071
13073
13076
13079
13085
13091
13091
13093
13094
13095
13100
13100
13101
13101
13103
13104
13108
13110
13110
13112
13114
13117
13119
13122
13126
13128
13128
13129
13133
13136
13139
13140
13140
13142
13143
13146
13147
13148
13149
13151
13152
13157
13158
13159
13165
13165
13166
13169
13170
13171
13175
13177
13177
13179
13181
13183
13184
13188
13189
13193
13194
13198
13201
13203
13203
13204
13205
13208
13208
13209
13209
13211
13213
13217
13218
13220
13223
13223
13225
13225
13230
13232
13236
13236
13238
13242
13245
13246
13247
13247
13248
13249
13252
13255
13255
13256
13258
13258
13258
13263
13263
13264
13265
13266
13270
13273
13273
13273
13274
13275
13276
13279
13279
13280
13283
13283
13284
13290
13291
13297
13300
13300
13302
13302
13305
13306
13307
13319
13320
13322
13322
13326
13327
13328
13331
13334
13339
13339
13340
13342
13346
13346
13346
13350
13350
13352
13357
13359
13360
13367
13369
13373
13375
13376
13377
13380
13380
13382
13386
13387
13389
13393
13393
13394
13396
13396
13396
13397
13401
13403
13405
13405
13407
13408
13411
13413
13414
13414
13416
13417
13417
13421
13421
13424
13432
13433
13434
13436
13436
13437
13439
13440
13441
13441
13442
13444
13448
13451
13452
13454
13458
13462
13468
13469
13469
13469
13470
13471
13476
13477
13480
13481
13485
13485
13487
13495
13497
13498
13504
13507
13507
13508
13511
13515
13516
13517
13518
13523
13525
13525
13529
13531
13533
13535
13538
13540
13541
13541
13543
13546
13549
13549
13550
13553
13554
13559
13562
13565
13565
13566
13567
13570
13571
13571
13572
13573
13573
13576
13577
13580
13581
13582
13586
13587
13588
13589
13589
13590
13592
13592
13596
13596
13603
13603
13605
13605
13606
13607
13609
13612
13612
13614
13615
13618
13619
13621
13622
13622
13622
13623
13624
13632
13632
13634
13634
13635
13635
13635
13638
13639
13643
13645
13646
13650
13650
13651
13652
13656
13657
13658
13660
13666
13666
13666
13674
13676
13676
13681
13683
13683
13686
13686
13688
13691
13692
13694
13695
13695
13695
13700
13705
13706
13708
13708
13710
13710
13711
13714
13719
13725
13730
13733
13735
13737
13741
13743
13747
13748
13748
13748
13748
13748
13752
13754
13766
13766
13769
13769
13771
13773
13774
13775
13777
13784
13786
13792
13792
13795
13796
13797
13798
13800
13801
13801
13801
13803
13809
13810
13811
13817
13826
13831
13831
13833
13838
13841
13842
13844
13844
13844
13845
13848
13848
13849
13849
13852
13853
13854
13855
13855
13857
13859
13859
13863
13864
13865
13867
13868
13870
13870
13873
13873
13875
13876
13876
13878
13880
13880
13882
13884
13885
13889
13890
13893
13894
13894
13896
13896
13899
13899
13901
13903
13912
13913
13919
13920
13921
13927
13929
13930
13934
13935
13940
13943
13945
13950
13950
13953
13953
13954
13954
13954
13955
13955
13958
13959
13961
13963
13964
13966
13979
13984
13987
13987
13989
13993
13996
13998
13999
14002
14002
14003
14004
14005
14005
14008
14008
14009
14016
14017
14018
14018
14018
14018
14019
14019
14021
14023
14023
14024
14025
14032
14035
14036
14038
14040
14044
14046
14048
14050
14054
14056
14059
14060
14061
14065
14065
14066
14071
14074
14079
14082
14084
14085
14086
14089
14092
14093
14094
14095
14095
14102
14104
14110
14114
14123
14124
14125
14125
14125
14126
14135
14136
14143
14143
14143
14145
14147
14150
14151
14153
14157
14158
14160
14163
14164
14165
14168
14169
14169
14170
14172
14175
14176
14177
14177
14182
14182
14184
14187
14190
14191
14197
14197
14198
14198
14206
14211
14219
14222
14225
14230
14230
14238
14241
14241
14242
14244
14245
14247
14248
14249
14254
14256
14256
14262
14270
14271
14275
14276
14280
14283
14285
14286
14291
14292
14299
14303
14304
14307
14307
14314
14314
14318
14319
14321
14324
14327
14328
14328
14331
14333
14333
14333
14334
14336
14336
14342
14346
14349
14349
14353
14359
14362
14365
14365
14365
14367
14367
14368
14369
14377
14378
14379
14380
14380
14381
14383
14388
14390
14391
14392
14394
14395
14396
14397
14404
14405
14407
14409
14412
14413
14415
14418
14420
14421
14422
14425
14432
14433
14434
14439
14441
14441
14441
14444
14453
14454
14457
14458
14460
14461
14462
14464
14470
14474
14474
14476
14476
14476
14476
14479
14485
14487
14490
14490
14491
14492
14495
14497
14500
14500
14502
14502
14504
14507
14509
14509
14509
14509
14513
14513
14517
14517
14519
14520
14525
14525
14528
14533
14536
14545
14545
14546
14548
14554
14555
14560
14563
14567
14570
14570
14570
14572
14572
14572
14573
14574
14577
14581
14584
14585
14589
14591
14591
14592
14593
14594
14597
14603
14607
14608
14608
14616
14616
14618
14626
14628
14628
14631
14636
14637
14642
14642
14643
14645
14648
14648
14650
14655
14656
14662
14665
14665
14666
14666
14667
14667
14670
14684
14686
14686
14687
14691
14691
14692
14692
14693
14693
14695
14695
14697
14698
14703
14704
14704
14709
14710
14711
14715
14718
14722
14730
14730
14730
14731
14734
14734
14735
14735
14738
14738
14739
14739
14741
14743
14745
14748
14751
14761
14762
14762
14766
14767
14768
14772
14775
14776
14776
14778
14779
14779
14780
14782
14786
14788
14791
14791
14795
14796
14796
14796
14800
14804
14810
14810
14813
14814
14816
14817
14821
14824
14827
14829
14829
14829
14831
14836
14838
14841
14843
14843
14844
14844
14854
14855
14857
14859
14861
14865
14869
14876
14877
14879
14879
14881
14883
14886
14889
14891
14891
14894
14896
14896
14900
14904
14906
14907
14909
14909
14911
14917
14917
14918
14919
14925
14931
14934
14935
14940
14941
14943
14944
14944
14945
14948
14952
14959
14959
14961
14961
14963
14965
14969
14976
14976
14976
14976
14977
14978
14979
14979
14983
14987
14993
14999
15003
15008
15009
15009
15010
15010
15011
15014
15014
15015
15016
15019
15019
15020
15020
15021
15023
15023
15024
15025
15025
15026
15027
15028
15037
15039
15039
15043
15048
15050
15050
15052
15052
15052
15054
15056
15057
15060
15064
15064
15065
15066
15074
15076
15076
15078
15080
15082
15084
15085
15087
15087
15087
15088
15089
15095
15097
15098
15099
15099
15100
15101
15104
15106
15107
15111
15112
15112
15119
15119
15120
15125
15126
15129
15130
15132
15133
15135
15136
15137
15142
15144
15146
15146
15149
15152
15153
15155
15158
15158
15160
15161
15161
15163
15163
15164
15165
15167
15167
15173
15173
15175
15175
15177
15177
15178
15178
15181
15185
15186
15187
15187
15188
15191
15192
15192
15193
15195
15195
15199
15206
15206
15207
15207
15209
15211
15212
15220
15221
15222
15223
15230
15230
15231
15231
15232
15233
15234
15235
15236
15239
15242
15245
15247
15247
15247
15247
15249
15249
15251
15251
15253
15256
15257
15259
15259
15260
15260
15261
15262
15264
15265
15266
15266
15267
15269
15269
15269
15270
15271
15272
15274
15274
15278
15284
15285
15287
15291
15291
15292
15296
15298
15299
15303
15304
15307
15308
15313
15314
15316
15320
15325
15328
15329
15329
15332
15336
15339
15342
15343
15344
15345
15345
15346
15346
15347
15348
15348
15350
15351
15355
15356
15357
15357
15358
15359
15360
15363
15363
15365
15366
15369
15372
15377
15378
15381
15381
15382
15387
15388
15389
15392
15392
15393
15398
15398
15400
15401
15406
15407
15407
15417
15422
15424
15425
15430
15433
15433
15437
15438
15444
15444
15444
15446
15449
15456
15463
15464
15468
15469
15470
15472
15477
15479
15479
15479
15481
15482
15483
15484
15486
15486
15491
15493
15497
15499
15499
15501
15501
15502
15503
15504
15506
15506
15510
15516
15519
15521
15521
15526
15529
15533
15533
15534
15535
15535
15536
15537
15537
15540
15541
15545
15546
15547
15549
15557
15558
15558
15559
15561
15561
15568
15568
15575
15575
15578
15579
15580
15583
15583
15586
15586
15587
15587
15588
15590
15592
15593
15595
15595
15600
15600
15608
15609
15609
15610
15611
15622
15624
15625
15627
15632
15632
15634
15639
15641
15641
15642
15644
15647
15647
15648
15650
15651
15652
15660
15662
15662
15664
15665
15665
15667
15667
15671
15672
15674
15676
15676
15677
15679
15681
15682
15683
15684
15686
15686
15688
15689
15691
15696
15696
15696
15699
15700
15702
15702
15704
15704
15706
15709
15710
15713
15714
15716
15717
15717
15718
15718
15721
15722
15724
15725
15726
15727
15727
15732
15734
15736
15736
15737
15738
15739
15741
15743
15743
15747
15748
15748
15751
15751
15758
15763
15768
15770
15770
15778
15780
15781
15782
15787
15788
15790
15790
15791
15791
15797
15798
15799
15800
15800
15801
15801
15802
15802
15803
15805
15806
15815
15818
15818
15819
15820
15821
15825
15826
15826
15830
15834
15835
15836
15841
15846
15848
15852
15852
15852
15853
15853
15853
15853
15855
15855
15859
15860
15866
15867
15868
15868
15869
15872
15874
15879
15882
15883
15884
15885
15886
15887
15894
15896
15897
15899
15900
15903
15904
15906
15906
15908
15909
15910
15911
15914
15915
15917
15918
15919
15922
15924
15924
15925
15926
15926
15928
15928
15929
15931
15936
15938
15940
15944
15944
15945
15946
15947
15949
15950
15952
15955
15955
15966
15967
15968
15972
15975
15979
15984
15984
15988
15989
15990
15994
15995
15997
16001
16001
16001
16003
16006
16007
16010
16010
16011
16015
16019
16021
16022
16023
16023
16028
16029
16029
16030
16034
16036
16037
16037
16039
16039
16041
16049
16050
16050
16051
16051
16051
16054
16064
16067
16069
16069
16070
16071
16071
16074
16075
16078
16079
16087
16092
16093
16096
16099
16099
16100
16100
16102
16106
16106
16110
16113
16113
16117
16124
16124
16126
16126
16134
16134
16135
16136
16136
16137
16139
16141
16151
16151
16154
16158
16158
16161
16163
16163
16168
16170
16172
16173
16174
16177
16177
16180
16183
16183
16188
16189
16194
16194
16197
16199
16201
16202
16202
16203
16204
16206
16206
16207
16207
16207
16208
16210
16210
16212
16216
16216
16217
16223
16226
16228
16229
16234
16235
16239
16241
16242
16243
16244
16245
16247
16249
16250
16251
16253
16253
16254
16255
16257
16258
16258
16260
16261
16263
16265
16265
16267
16268
16272
16272
16274
16277
16277
16279
16279
16280
16282
16282
16283
16284
16285
16285
16288
16288
16289
16291
16294
16295
16297
16297
16302
16304
16306
16310
16312
16312
16314
16314
16314
16315
16315
16315
16315
16320
16324
16324
16325
16326
16327
16327
16329
16334
16336
16337
16338
16341
16351
16352
16358
16359
16361
16361
16364
16370
16371
16372
16372
16372
16373
16375
16375
16377
16382
16384
16385
16395
16398
16399
16401
16404
16405
16405
16411
16415
16415
16416
16417
16422
16423
16423
16424
16425
16432
16433
16433
16436
16436
16442
16443
16444
16444
16448
16451
16452
16452
16453
16454
16454
16456
16461
16462
16463
16465
16465
16472
16473
16474
16477
16477
16477
16478
16482
16483
16483
16483
16485
16489
16492
16493
16498
16499
16500
16502
16503
16505
16509
16511
16515
16517
16518
16519
16520
16521
16523
16523
16523
16530
16533
16535
16537
16541
16542
16542
16549
16552
16559
16563
16564
16566
16570
16570
16571
16572
16578
16586
16586
16586
16591
16591
16593
16595
16596
16597
16602
16603
16605
16606
16612
16614
16617
16619
16621
16621
16623
16624
16626
16626
16632
16633
16635
16636
16638
16638
16639
16640
16640
16643
16645
16648
16649
16654
16655
16656
16660
16661
16665
16668
16668
16675
16676
16676
16682
16683
16686
16688
16689
16689
16689
16692
16692
16696
16699
16699
16701
16702
16704
16710
16712
16712
16716
16719
16720
16725
16731
16731
16731
16734
16736
16737
16740
16743
16743
16747
16747
16747
16753
16754
16755
16756
16756
16757
16762
16763
16768
16770
16773
16773
16775
16776
16777
16778
16781
16781
16782
16784
16786
16787
16794
16794
16797
16799
16800
16800
16802
16805
16806
16808
16809
16811
16812
16812
16814
16814
16816
16816
16818
16821
16823
16824
16830
16833
16834
16843
16843
16845
16846
16847
16849
16849
16849
16849
16852
16856
16860
16862
16863
16867
16867
16870
16876
16877
16878
16883
16884
16884
16885
16893
16895
16895
16896
16897
16900
16901
16903
16907
16907
16913
16917
16918
16919
16923
16924
16926
16929
16929
16931
16942
16942
16943
16944
16945
16946
16948
16950
16951
16952
16957
16959
16961
16963
16965
16965
16966
16966
16967
16967
16967
16970
16971
16972
16977
16978
16979
16980
16980
16980
16981
16982
16982
16984
16984
16988
16994
16995
16995
17001
17003
17005
17005
17005
17009
17013
17013
17016
17017
17018
17020
17020
17025
17026
17028
17031
17031
17032
17034
17035
17036
17037
17038
17041
17041
17047
17047
17050
17051
17051
17053
17055
17057
17059
17064
17065
17066
17067
17067
17068
17071
17077
17084
17089
17093
17095
17096
17097
17099
17105
17105
17109
17116
17120
17121
17121
17121
17121
17121
17122
17123
17123
17126
17129
17129
17134
17134
17135
17136
17137
17137
17138
17139
17139
17141
17141
17145
17146
17150
17153
17161
17162
17164
17169
17171
17172
17173
17176
17178
17180
17180
17189
17190
17193
17195
17196
17200
17202
17204
17205
17206
17210
17213
17213
17216
17217
17218
17218
17219
17219
17221
17226
17235
17238
17241
17244
17248
17251
17253
17254
17257
17258
17260
17261
17268
17269
17270
17271
17274
17275
17275
17282
17283
17285
17291
17294
17295
17295
17298
17299
17301
17303
17307
17308
17309
17310
17310
17312
17320
17326
17329
17330
17333
17334
17335
17335
17336
17336
17340
17341
17341
17342
17343
17349
17349
17350
17353
17354
17356
17358
17359
17360
17361
17362
17363
17364
17364
17366
17371
17373
17373
17374
17376
17378
17378
17380
17380
17386
17386
17386
17387
17387
17391
17391
17394
17394
17395
17397
17398
17400
17402
17403
17403
17404
17413
17420
17420
17421
17421
17422
17423
17423
17424
17425
17427
17436
17437
17439
17444
17445
17445
17450
17455
17455
17455
17457
17460
17460
17460
17462
17463
17465
17465
17466
17470
17471
17473
17477
17478
17480
17483
17483
17485
17489
17492
17492
17495
17495
17502
17503
17504
17505
17509
17510
17512
17514
17518
17521
17523
17531
17534
17535
17539
17541
17542
17546
17546
17548
17549
17550
17552
17554
17560
17565
17565
17567
17567
17568
17570
17574
17577
17584
17590
17590
17594
17597
17598
17599
17601
17601
17602
17603
17604
17609
17610
17612
17612
17613
17613
17617
17619
17621
17625
17626
17627
17627
17630
17631
17635
17639
17642
17647
17649
17649
17651
17653
17654
17654
17661
17664
17664
17665
17667
17670
17672
17677
17679
17679
17682
17684
17688
17698
17699
17700
17700
17702
17705
17705
17706
17708
17711
17711
17713
17715
17715
17717
17722
17723
17727
17728
17730
17736
17738
17741
17742
17744
17746
17747
17747
17748
17748
17749
17750
17751
17751
17751
17752
17752
17753
17754
17755
17758
17766
17767
17767
17769
17769
17775
17777
17783
17785
17786
17789
17793
17796
17797
17798
17802
17803
17804
17804
17806
17808
17809
17809
17813
17813
17816
17818
17819
17821
17823
17825
17828
17829
17829
17830
17834
17835
17839
17840
17842
17842
17844
17851
17852
17854
17856
17857
17860
17861
17861
17863
17863
17865
17866
17868
17870
17876
17876
17878
17879
17880
17880
17882
17884
17887
17887
17887
17891
17895
17897
17899
17899
17900
17902
17902
17906
17906
17907
17907
17909
17909
17913
17914
17918
17919
17919
17919
17921
17922
17922
17924
17927
17927
17928
17930
17930
17933
17940
17940
17944
17946
17946
17948
17950
17952
17954
17954
17956
17956
17956
17956
17958
17963
17964
17966
17969
17970
17975
17976
17977
17981
17983
17984
17985
17986
17987
17987
17988
17988
17989
17989
17990
17990
17991
17994
17994
17995
17998
17998
18004
18006
18011
18011
18012
18012
18019
18020
18020
18023
18024
18025
18025
18026
18029
18032
18036
18038
18041
18047
18049
18055
18057
18068
18070
18071
18073
18073
18074
18075
18075
18075
18077
18078
18079
18080
18080
18086
18086
18087
18087
18091
18095
18098
18099
18104
18107
18109
18109
18111
18112
18112
18113
18114
18114
18120
18121
18122
18124
18126
18131
18132
18137
18139
18141
18145
18147
18148
18151
18152
18156
18157
18159
18161
18162
18163
18163
18165
18165
18165
18171
18171
18174
18175
18177
18179
18185
18185
18187
18188
18204
18206
18210
18216
18218
18219
18221
18226
18227
18228
18228
18229
18230
18231
18231
18234
18236
18239
18241
18243
18243
18244
18246
18248
18251
18260
18260
18261
18262
18263
18265
18265
18268
18270
18271
18272
18272
18275
18276
18278
18280
18281
18282
18282
18285
18286
18286
18286
18287
18287
18289
18290
18293
18296
18297
18304
18306
18307
18314
18314
18317
18319
18319
18323
18324
18325
18325
18328
18332
18333
18333
18336
18336
18336
18337
18342
18342
18349
18349
18351
18355
18356
18357
18358
18360
18361
18366
18369
18371
18372
18374
18374
18375
18376
18377
18379
18384
18390
18394
18394
18399
18404
18411
18416
18420
18422
18425
18433
18436
18436
18436
18443
18445
18447
18449
18449
18457
18462
18462
18471
18473
18475
18476
18478
18479
18481
18481
18483
18488
18488
18491
18491
18492
18494
18496
18502
18502
18502
18503
18503
18510
18513
18516
18521
18522
18523
18524
18527
18529
18530
18532
18533
18534
18536
18536
18544
18545
18546
18546
18551
18552
18552
18554
18554
18554
18560
18563
18563
18563
18564
18565
18565
18574
18577
18578
18587
18587
18592
18594
18600
18606
18607
18608
18609
18612
18612
18615
18616
18616
18617
18618
18620
18621
18623
18624
18624
18626
18628
18630
18631
18632
18633
18635
18637
18638
18642
18647
18648
18652
18655
18657
18667
18669
18670
18672
18675
18677
18678
18678
18680
18681
18682
18683
18685
18686
18688
18688
18690
18692
18694
18697
18698
18698
18698
18699
18699
18702
18704
18705
18706
18708
18713
18713
18715
18715
18718
18718
18719
18719
18725
18726
18732
18732
18735
18736
18738
18742
18745
18746
18750
18753
18757
18761
18764
18766
18770
18770
18775
18776
18783
18791
18791
18800
18804
18805
18806
18809
18814
18814
18815
18815
18817
18817
18817
18817
18820
18821
18821
18821
18824
18828
18828
18829
18829
18829
18829
18833
18834
18834
18836
18839
18839
18843
18846
18847
18847
18849
18851
18851
18852
18853
18855
18855
18859
18859
18860
18862
18862
18863
18871
18871
18876
18880
18882
18883
18885
18885
18889
18890
18890
18893
18897
18898
18900
18905
18905
18905
18909
18911
18918
18926
18929
18929
18932
18932
18933
18936
18938
18941
18941
18943
18944
18953
18954
18954
18958
18961
18962
18962
18966
18970
18970
18970
18972
18980
18984
18989
18990
18990
18992
18993
18995
18998
19003
19007
19008
19008
19008
19010
19010
19012
19013
19013
19014
19015
19017
19018
19021
19024
19029
19029
19031
19031
19033
19039
19042
19044
19045
19049
19050
19056
19058
19062
19064
19065
19065
19069
19073
19074
19074
19075
19078
19080
19080
19082
19084
19085
19085
19085
19087
19087
19090
19091
19094
19096
19096
19097
19103
19106
19106
19108
19111
19112
19112
19113
19115
19117
19125
19132
19132
19135
19136
19137
19141
19141
19143
19146
19146
19147
19148
19149
19151
19151
19159
19161
19162
19165
19165
19170
19172
19174
19175
19180
19183
19183
19185
19185
19187
19188
19189
19189
19189
19191
19191
19192
19193
19193
19194
19198
19199
19201
19202
19202
19203
19204
19205
19208
19209
19212
19215
19219
19221
19223
19225
19225
19226
19226
19228
19232
19232
19235
19237
19242
19251
19255
19257
19257
19258
19261
19262
19262
19264
19266
19273
19274
19274
19275
19278
19279
19283
19284
19285
19285
19285
19286
19288
19288
19289
19290
19292
19295
19295
19296
19297
19300
19301
19302
19306
19306
19308
19309
19310
19312
19313
19314
19315
19317
19322
19323
19324
19329
19330
19333
19336
19337
19343
19345
19352
19354
19354
19357
19358
19360
19361
19363
19365
19369
19370
19374
19375
19379
19388
19389
19390
19391
19392
19392
19392
19392
19393
19394
19396
19397
19400
19400
19402
19403
19404
19404
19406
19407
19408
19409
19411
19411
19413
19413
19422
19424
19428
19432
19434
19436
19436
19437
19439
19440
19441
19445
19449
19451
19453
19454
19455
19456
19456
19459
19462
19464
19465
19465
19467
19469
19470
19471
19473
19474
19475
19476
19481
19482
19485
19490
19491
19492
19493
19496
19502
19507
19507
19513
19515
19517
19522
19524
19527
19528
19529
19531
19536
19537
19539
19542
19545
19545
19547
19554
19562
19569
19573
19574
19576
19580
19582
19583
19585
19587
19588
19589
19595
19597
19598
19600
19604
19605
19607
19611
19613
19614
19614
19615
19616
19616
19619
19623
19623
19625
19625
19627
19628
19629
19632
19638
19639
19640
19641
19642
19644
19647
19647
19648
19652
19654
19657
19657
19658
19660
19660
19661
19664
19664
19669
19670
19670
19671
19672
19672
19673
19674
19675
19683
19688
19692
19693
19694
19695
19696
19699
19700
19701
19703
19705
19708
19710
19716
19716
19716
19720
19727
19727
19729
19730
19732
19737
19738
19739
19740
19741
19743
19743
19745
19746
19747
19756
19759
19764
19767
19770
19772
19777
19781
19783
19784
19789
19791
19792
19794
19796
19797
19798
19799
19799
19801
19805
19805
19809
19812
19813
19814
19815
19815
19815
19816
19816
19817
19821
19832
19837
19838
19838
19838
19842
19845
19846
19847
19852
19853
19855
19858
19862
19864
19872
19872
19872
19873
19875
19879
19881
19883
19885
19886
19890
19890
19893
19895
19896
19897
19909
19910
19910
19911
19912
19912
19915
19915
19916
19919
19919
19921
19924
19926
19929
19934
19934
19934
19934
19935
19936
19937
19937
19938
19940
19940
19941
19944
19944
19945
19945
19946
19950
19950
19951
19952
19958
19959
19960
19968
19969
19974
19976
19976
19976
19977
19978
19981
19982
19986
19986
19987
19988
19992
19993
19993
19995
19995
19998
19999
19999
