8
18
23
29
58
89
117
144
149
157
173
183
211
298
366
428
456
470
509
519
522
555
568
583
601
605
615
616
640
662
665
668
691
695
702
785
795
811
816
844
867
928
981
987
1002
1012
1025
1063
1065
1098
1106
1214
1230
1238
1246
1278
1283
1294
1304
1321
1331
1364
1420
1452
1456
1475
1524
1557
1559
1596
1650
1653
1676
1679
1741
1743
1794
1797
1799
1805
1861
1862
1865
1877
1889
1897
1913
1913
1914
1915
1924
1967
1987
1997
2002
2011
2015
2042
2083
2085
2115
2128
2174
2201
2205
2248
2252
2296
2324
2337
2352
2354
2371
2379
2399
2414
2430
2455
2471
2488
2498
2546
2565
2578
2644
2685
2687
2690
2693
2707
2766
2768
2781
2792
2797
2797
2828
2832
2868
2875
2901
2914
2937
2947
2957
2972
2984
2998
3000
3013
3067
3068
3076
3113
3113
3116
3131
3134
3162
3200
3310
3363
3389
3397
3402
3421
3494
3502
3536
3566
3572
3573
3607
3646
3647
3673
3736
3751
3786
3793
3793
3798
3811
3822
3830
3945
3955
3957
3990
3991
4004
4101
4112
4120
4139
4153
4154
4159
4196
4209
4219
4239
4259
4288
4311
4317
4323
4326
4382
4409
4449
4468
4500
4500
4521
4570
4600
4644
4659
4669
4674
4675
4687
4718
4742
4751
4759
4787
4793
4834
4836
4859
4880
4925
4958
5004
5022
5022
5061
5073
5087
5117
5131
5136
5185
5187
5192
5198
5200
5231
5284
5327
5363
5364
5367
5370
5378
5400
5403
5406
5429
5464
5464
5475
5491
5532
5539
5575
5587
5601
5603
5614
5617
5659
5702
5721
5726
5741
5751
5770
5830
5883
5932
5947
5962
5971
5975
5992
6053
6097
6112
6113
6138
6158
6164
6178
6288
6290
6358
6370
6399
6419
6419
6451
6452
6463
6510
6534
6546
6563
6577
6580
6591
6622
6658
6680
6691
6698
6705
6705
6709
6712
6760
6778
6809
6822
6828
6838
6840
6872
6906
6938
6939
6963
7013
7052
7056
7066
7071
7131
7137
7149
7200
7214
7254
7288
7344
7350
7376
7444
7447
7461
7477
7501
7507
7528
7532
7541
7545
7557
7557
7565
7595
7616
7668
7707
7721
7746
7763
7772
7772
7808
7822
7828
7861
7888
7896
7940
7945
7987
7997
7999
8000
8027
8028
8038
8111
8161
8240
8254
8303
8313
8349
8360
8365
8385
8444
8479
8508
8513
8516
8518
8528
8530
8540
8551
8615
8630
8643
8652
8655
8676
8676
8678
8712
8731
8772
8782
8788
8793
8839
8897
8950
8954
8955
8961
8977
8981
8996
9003
9018
9026
9026
9032
9042
9048
9071
9082
9082
9097
9099
9103
9112
9121
9139
9145
9209
9211
9258
9296
9305
9316
9334
9335
9354
9355
9361
9363
9409
9434
9469
9494
9511
9529
9563
9565
9565
9573
9613
9693
9832
9846
9853
9858
9922
9928
9947
9972
10015
10024
10075
10091
10107
10119
10198
10203
10208
10218
10236
10241
10300
10313
10325
10344
10388
10470
10520
10531
10533
10578
10599
10603
10606
10621
10630
10635
10636
10646
10683
10695
10700
10719
10769
10798
10803
10825
10826
10832
10861
10876
10882
10895
10950
10959
10963
10969
10973
11018
11032
11033
11041
11048
11075
11084
11093
11108
11111
11129
11144
11166
11184
11261
11270
11307
11349
11356
11382
11396
11440
11451
11456
11472
11491
11505
11512
11515
11517
11557
11562
11608
11621
11621
11630
11630
11663
11667
11674
11713
11713
11729
11763
11801
11809
11845
11866
11870
11887
11889
11912
11913
11933
11968
11995
12037
12059
12082
12083
12100
12109
12165
12187
12227
12267
12315
12338
12366
12400
12416
12450
12464
12470
12524
12548
12559
12615
12627
12640
12656
12679
12697
12699
12750
12754
12771
12774
12780
12794
12799
12804
12809
12845
12890
12912
12946
12970
12983
13019
13034
13082
13113
13129
13132
13150
13165
13167
13172
13201
13210
13240
13249
13307
13363
13372
13386
13461
13461
13469
13470
13479
13482
13491
13538
13546
13557
13592
13605
13632
13634
13637
13647
13648
13719
13759
13772
13801
13818
13830
13853
13862
13877
13913
13914
13915
13927
13976
13983
14001
14018
14051
14100
14123
14131
14142
14157
14175
14183
14205
14209
14211
14214
14221
14240
14252
14275
14289
14291
14310
14328
14337
14369
14404
14411
14412
14453
14518
14547
14558
14583
14628
14647
14713
14754
14766
14804
14857
14885
14891
14912
14933
14936
14961
15028
15034
15065
15075
15121
15132
15143
15173
15176
15177
15199
15202
15209
15216
15218
15225
15241
15269
15289
15295
15319
15326
15348
15365
15388
15398
15413
15426
15440
15445
15452
15519
15527
15530
15550
15612
15647
15710
15731
15735
15798
15798
15812
15856
15870
15895
15973
15978
15998
16047
16051
16077
16085
16095
16102
16117
16135
16166
16171
16174
16179
16188
16208
16258
16261
16283
16289
16296
16308
16356
16373
16374
16376
16382
16400
16429
16457
16457
16491
16507
16527
16550
16556
16564
16589
16627
16636
16684
16693
16718
16731
16754
16755
16757
16782
16802
16817
16819
16827
16836
16862
16872
16882
16889
16909
16919
16967
17004
17006
17014
17026
17042
17042
17050
17055
17065
17072
17080
17110
17131
17149
17183
17199
17203
17206
17213
17218
17230
17233
17235
17270
17274
17294
17336
17341
17344
17359
17365
17401
17428
17429
17472
17514
17517
17548
17557
17612
17629
17646
17662
17674
17690
17711
17725
17740
17759
17769
17792
17819
17836
17858
17907
17923
17942
17944
17945
17959
17988
18003
18023
18032
18038
18047
18072
18077
18095
18095
18118
18126
18184
18192
18196
18209
18217
18217
18226
18244
18260
18268
18276
18313
18327
18329
18347
18406
18432
18485
18490
18512
18541
18558
18573
18600
18620
18638
18655
18658
18693
18697
18698
18714
18722
18722
18767
18798
18808
18820
18829
18839
18857
18894
18920
18928
18956
18994
19001
19022
19043
19048
19060
19075
19098
19129
19129
19136
19154
19193
19204
19211
19212
19229
19238
19238
19256
19300
19300
19307
19355
19374
19395
19396
19410
19439
19489
19497
19504
19512
19532
19630
19668
19688
19693
19697
19718
19726
19731
19738
19746
19749
19763
19806
19874
19891
19894
19940
19961
19971
19972
19998
